{"C:\\Users\\mario\\Desktop\\Code-Challenge-Authorizer\\src\\account\\Account.js": {"path":"C:\\Users\\mario\\Desktop\\Code-Challenge-Authorizer\\src\\account\\Account.js","statementMap":{"0":{"start":{"line":4,"column":19},"end":{"line":4,"column":21}},"1":{"start":{"line":6,"column":8},"end":{"line":6,"column":34}},"2":{"start":{"line":9,"column":8},"end":{"line":9,"column":31}},"3":{"start":{"line":12,"column":8},"end":{"line":12,"column":37}},"4":{"start":{"line":15,"column":8},"end":{"line":15,"column":36}},"5":{"start":{"line":18,"column":8},"end":{"line":18,"column":51}},"6":{"start":{"line":19,"column":8},"end":{"line":19,"column":44}},"7":{"start":{"line":22,"column":27},"end":{"line":22,"column":44}},"8":{"start":{"line":23,"column":8},"end":{"line":30,"column":9}},"9":{"start":{"line":24,"column":12},"end":{"line":29,"column":15}},"10":{"start":{"line":25,"column":41},"end":{"line":25,"column":67}},"11":{"start":{"line":26,"column":16},"end":{"line":28,"column":17}},"12":{"start":{"line":27,"column":20},"end":{"line":27,"column":39}},"13":{"start":{"line":31,"column":8},"end":{"line":33,"column":9}},"14":{"start":{"line":32,"column":12},"end":{"line":32,"column":99}},"15":{"start":{"line":32,"column":64},"end":{"line":32,"column":97}},"16":{"start":{"line":34,"column":8},"end":{"line":36,"column":9}},"17":{"start":{"line":35,"column":12},"end":{"line":35,"column":95}},"18":{"start":{"line":35,"column":64},"end":{"line":35,"column":93}},"19":{"start":{"line":37,"column":8},"end":{"line":37,"column":28}}},"fnMap":{"0":{"name":"(anonymous_0)","decl":{"start":{"line":5,"column":4},"end":{"line":5,"column":5}},"loc":{"start":{"line":5,"column":26},"end":{"line":7,"column":5}},"line":5},"1":{"name":"(anonymous_1)","decl":{"start":{"line":8,"column":4},"end":{"line":8,"column":5}},"loc":{"start":{"line":8,"column":20},"end":{"line":10,"column":5}},"line":8},"2":{"name":"(anonymous_2)","decl":{"start":{"line":11,"column":4},"end":{"line":11,"column":5}},"loc":{"start":{"line":11,"column":29},"end":{"line":13,"column":5}},"line":11},"3":{"name":"(anonymous_3)","decl":{"start":{"line":14,"column":4},"end":{"line":14,"column":5}},"loc":{"start":{"line":14,"column":24},"end":{"line":16,"column":5}},"line":14},"4":{"name":"(anonymous_4)","decl":{"start":{"line":17,"column":4},"end":{"line":17,"column":5}},"loc":{"start":{"line":17,"column":33},"end":{"line":20,"column":5}},"line":17},"5":{"name":"(anonymous_5)","decl":{"start":{"line":21,"column":4},"end":{"line":21,"column":5}},"loc":{"start":{"line":21,"column":87},"end":{"line":38,"column":5}},"line":21},"6":{"name":"(anonymous_6)","decl":{"start":{"line":24,"column":47},"end":{"line":24,"column":48}},"loc":{"start":{"line":24,"column":64},"end":{"line":29,"column":13}},"line":24},"7":{"name":"(anonymous_7)","decl":{"start":{"line":32,"column":47},"end":{"line":32,"column":48}},"loc":{"start":{"line":32,"column":64},"end":{"line":32,"column":97}},"line":32},"8":{"name":"(anonymous_8)","decl":{"start":{"line":35,"column":47},"end":{"line":35,"column":48}},"loc":{"start":{"line":35,"column":64},"end":{"line":35,"column":93}},"line":35}},"branchMap":{"0":{"loc":{"start":{"line":21,"column":20},"end":{"line":21,"column":36}},"type":"default-arg","locations":[{"start":{"line":21,"column":32},"end":{"line":21,"column":36}}],"line":21},"1":{"loc":{"start":{"line":21,"column":38},"end":{"line":21,"column":53}},"type":"default-arg","locations":[{"start":{"line":21,"column":49},"end":{"line":21,"column":53}}],"line":21},"2":{"loc":{"start":{"line":21,"column":55},"end":{"line":21,"column":70}},"type":"default-arg","locations":[{"start":{"line":21,"column":66},"end":{"line":21,"column":70}}],"line":21},"3":{"loc":{"start":{"line":21,"column":72},"end":{"line":21,"column":85}},"type":"default-arg","locations":[{"start":{"line":21,"column":81},"end":{"line":21,"column":85}}],"line":21},"4":{"loc":{"start":{"line":23,"column":8},"end":{"line":30,"column":9}},"type":"if","locations":[{"start":{"line":23,"column":8},"end":{"line":30,"column":9}},{"start":{"line":23,"column":8},"end":{"line":30,"column":9}}],"line":23},"5":{"loc":{"start":{"line":23,"column":12},"end":{"line":23,"column":33}},"type":"binary-expr","locations":[{"start":{"line":23,"column":12},"end":{"line":23,"column":21}},{"start":{"line":23,"column":25},"end":{"line":23,"column":33}}],"line":23},"6":{"loc":{"start":{"line":26,"column":16},"end":{"line":28,"column":17}},"type":"if","locations":[{"start":{"line":26,"column":16},"end":{"line":28,"column":17}},{"start":{"line":26,"column":16},"end":{"line":28,"column":17}}],"line":26},"7":{"loc":{"start":{"line":26,"column":20},"end":{"line":26,"column":121}},"type":"binary-expr","locations":[{"start":{"line":26,"column":20},"end":{"line":26,"column":69}},{"start":{"line":26,"column":73},"end":{"line":26,"column":121}}],"line":26},"8":{"loc":{"start":{"line":31,"column":8},"end":{"line":33,"column":9}},"type":"if","locations":[{"start":{"line":31,"column":8},"end":{"line":33,"column":9}},{"start":{"line":31,"column":8},"end":{"line":33,"column":9}}],"line":31},"9":{"loc":{"start":{"line":34,"column":8},"end":{"line":36,"column":9}},"type":"if","locations":[{"start":{"line":34,"column":8},"end":{"line":36,"column":9}},{"start":{"line":34,"column":8},"end":{"line":36,"column":9}}],"line":34}},"s":{"0":9,"1":9,"2":91,"3":9,"4":88,"5":14,"6":14,"7":48,"8":48,"9":48,"10":58,"11":58,"12":46,"13":48,"14":24,"15":23,"16":48,"17":24,"18":9,"19":48},"f":{"0":9,"1":91,"2":9,"3":88,"4":14,"5":48,"6":58,"7":23,"8":9},"b":{"0":[0],"1":[0],"2":[24],"3":[24],"4":[48,0],"5":[48,48],"6":[46,12],"7":[58,46],"8":[24,24],"9":[24,24]},"_coverageSchema":"1a1c01bbd47fc00a2c39e90264f33305004495a9","hash":"a448ce0b703d8e4fae54f72df0d51d7574c0ecf5"}
,"C:\\Users\\mario\\Desktop\\Code-Challenge-Authorizer\\src\\transaction\\AccountCreation.js": {"path":"C:\\Users\\mario\\Desktop\\Code-Challenge-Authorizer\\src\\transaction\\AccountCreation.js","statementMap":{"0":{"start":{"line":5,"column":8},"end":{"line":5,"column":29}},"1":{"start":{"line":8,"column":8},"end":{"line":8,"column":56}},"2":{"start":{"line":9,"column":8},"end":{"line":12,"column":9}},"3":{"start":{"line":10,"column":12},"end":{"line":10,"column":69}},"4":{"start":{"line":11,"column":12},"end":{"line":11,"column":77}},"5":{"start":{"line":13,"column":8},"end":{"line":19,"column":9}},"6":{"start":{"line":22,"column":8},"end":{"line":24,"column":9}},"7":{"start":{"line":23,"column":12},"end":{"line":23,"column":64}}},"fnMap":{"0":{"name":"(anonymous_0)","decl":{"start":{"line":4,"column":4},"end":{"line":4,"column":5}},"loc":{"start":{"line":4,"column":31},"end":{"line":6,"column":5}},"line":4},"1":{"name":"(anonymous_1)","decl":{"start":{"line":7,"column":4},"end":{"line":7,"column":5}},"loc":{"start":{"line":7,"column":30},"end":{"line":20,"column":5}},"line":7},"2":{"name":"(anonymous_2)","decl":{"start":{"line":21,"column":4},"end":{"line":21,"column":5}},"loc":{"start":{"line":21,"column":47},"end":{"line":25,"column":5}},"line":21}},"branchMap":{"0":{"loc":{"start":{"line":9,"column":8},"end":{"line":12,"column":9}},"type":"if","locations":[{"start":{"line":9,"column":8},"end":{"line":12,"column":9}},{"start":{"line":9,"column":8},"end":{"line":12,"column":9}}],"line":9},"1":{"loc":{"start":{"line":22,"column":8},"end":{"line":24,"column":9}},"type":"if","locations":[{"start":{"line":22,"column":8},"end":{"line":24,"column":9}},{"start":{"line":22,"column":8},"end":{"line":24,"column":9}}],"line":22},"2":{"loc":{"start":{"line":22,"column":12},"end":{"line":22,"column":66}},"type":"binary-expr","locations":[{"start":{"line":22,"column":12},"end":{"line":22,"column":35}},{"start":{"line":22,"column":39},"end":{"line":22,"column":66}}],"line":22}},"s":{"0":10,"1":10,"2":10,"3":9,"4":9,"5":10,"6":10,"7":1},"f":{"0":10,"1":10,"2":10},"b":{"0":[9,1],"1":[1,9],"2":[10,1]},"_coverageSchema":"1a1c01bbd47fc00a2c39e90264f33305004495a9","hash":"2832f5fd0044e4f6e8c295cbbd087a5f322743c9"}
,"C:\\Users\\mario\\Desktop\\Code-Challenge-Authorizer\\src\\transaction\\Transaction.js": {"path":"C:\\Users\\mario\\Desktop\\Code-Challenge-Authorizer\\src\\transaction\\Transaction.js","statementMap":{"0":{"start":{"line":3,"column":8},"end":{"line":3,"column":43}},"1":{"start":{"line":4,"column":8},"end":{"line":4,"column":29}}},"fnMap":{"0":{"name":"(anonymous_0)","decl":{"start":{"line":2,"column":4},"end":{"line":2,"column":5}},"loc":{"start":{"line":2,"column":31},"end":{"line":5,"column":5}},"line":2},"1":{"name":"(anonymous_1)","decl":{"start":{"line":6,"column":4},"end":{"line":6,"column":5}},"loc":{"start":{"line":6,"column":30},"end":{"line":6,"column":32}},"line":6}},"branchMap":{},"s":{"0":34,"1":34},"f":{"0":34,"1":0},"b":{},"_coverageSchema":"1a1c01bbd47fc00a2c39e90264f33305004495a9","hash":"0f842b6ca4735d8dfcce23c68cc9da6365b463fa"}
,"C:\\Users\\mario\\Desktop\\Code-Challenge-Authorizer\\src\\transaction\\TransactionAuthorization.js": {"path":"C:\\Users\\mario\\Desktop\\Code-Challenge-Authorizer\\src\\transaction\\TransactionAuthorization.js","statementMap":{"0":{"start":{"line":5,"column":8},"end":{"line":5,"column":29}},"1":{"start":{"line":8,"column":8},"end":{"line":8,"column":52}},"2":{"start":{"line":9,"column":8},"end":{"line":9,"column":44}},"3":{"start":{"line":10,"column":8},"end":{"line":10,"column":47}},"4":{"start":{"line":11,"column":8},"end":{"line":11,"column":57}},"5":{"start":{"line":12,"column":8},"end":{"line":12,"column":49}},"6":{"start":{"line":13,"column":8},"end":{"line":15,"column":9}},"7":{"start":{"line":14,"column":12},"end":{"line":14,"column":56}},"8":{"start":{"line":16,"column":8},"end":{"line":22,"column":9}},"9":{"start":{"line":25,"column":8},"end":{"line":27,"column":9}},"10":{"start":{"line":26,"column":12},"end":{"line":26,"column":60}},"11":{"start":{"line":30,"column":8},"end":{"line":32,"column":9}},"12":{"start":{"line":31,"column":12},"end":{"line":31,"column":52}},"13":{"start":{"line":35,"column":8},"end":{"line":37,"column":9}},"14":{"start":{"line":36,"column":12},"end":{"line":36,"column":55}},"15":{"start":{"line":40,"column":29},"end":{"line":40,"column":62}},"16":{"start":{"line":41,"column":39},"end":{"line":41,"column":83}},"17":{"start":{"line":42,"column":44},"end":{"line":42,"column":105}},"18":{"start":{"line":43,"column":8},"end":{"line":45,"column":9}},"19":{"start":{"line":44,"column":12},"end":{"line":44,"column":66}},"20":{"start":{"line":48,"column":29},"end":{"line":48,"column":62}},"21":{"start":{"line":49,"column":39},"end":{"line":49,"column":83}},"22":{"start":{"line":50,"column":44},"end":{"line":50,"column":161}},"23":{"start":{"line":51,"column":8},"end":{"line":53,"column":9}},"24":{"start":{"line":52,"column":12},"end":{"line":52,"column":56}}},"fnMap":{"0":{"name":"(anonymous_0)","decl":{"start":{"line":4,"column":4},"end":{"line":4,"column":5}},"loc":{"start":{"line":4,"column":31},"end":{"line":6,"column":5}},"line":4},"1":{"name":"(anonymous_1)","decl":{"start":{"line":7,"column":4},"end":{"line":7,"column":5}},"loc":{"start":{"line":7,"column":30},"end":{"line":23,"column":5}},"line":7},"2":{"name":"(anonymous_2)","decl":{"start":{"line":24,"column":4},"end":{"line":24,"column":5}},"loc":{"start":{"line":24,"column":43},"end":{"line":28,"column":5}},"line":24},"3":{"name":"(anonymous_3)","decl":{"start":{"line":29,"column":4},"end":{"line":29,"column":5}},"loc":{"start":{"line":29,"column":35},"end":{"line":33,"column":5}},"line":29},"4":{"name":"(anonymous_4)","decl":{"start":{"line":34,"column":4},"end":{"line":34,"column":5}},"loc":{"start":{"line":34,"column":38},"end":{"line":38,"column":5}},"line":34},"5":{"name":"(anonymous_5)","decl":{"start":{"line":39,"column":4},"end":{"line":39,"column":5}},"loc":{"start":{"line":39,"column":48},"end":{"line":46,"column":5}},"line":39},"6":{"name":"(anonymous_6)","decl":{"start":{"line":47,"column":4},"end":{"line":47,"column":5}},"loc":{"start":{"line":47,"column":40},"end":{"line":54,"column":5}},"line":47}},"branchMap":{"0":{"loc":{"start":{"line":13,"column":8},"end":{"line":15,"column":9}},"type":"if","locations":[{"start":{"line":13,"column":8},"end":{"line":15,"column":9}},{"start":{"line":13,"column":8},"end":{"line":15,"column":9}}],"line":13},"1":{"loc":{"start":{"line":17,"column":23},"end":{"line":20,"column":18}},"type":"cond-expr","locations":[{"start":{"line":17,"column":55},"end":{"line":20,"column":13}},{"start":{"line":20,"column":16},"end":{"line":20,"column":18}}],"line":17},"2":{"loc":{"start":{"line":25,"column":8},"end":{"line":27,"column":9}},"type":"if","locations":[{"start":{"line":25,"column":8},"end":{"line":27,"column":9}},{"start":{"line":25,"column":8},"end":{"line":27,"column":9}}],"line":25},"3":{"loc":{"start":{"line":25,"column":12},"end":{"line":25,"column":68}},"type":"binary-expr","locations":[{"start":{"line":25,"column":12},"end":{"line":25,"column":36}},{"start":{"line":25,"column":40},"end":{"line":25,"column":68}}],"line":25},"4":{"loc":{"start":{"line":30,"column":8},"end":{"line":32,"column":9}},"type":"if","locations":[{"start":{"line":30,"column":8},"end":{"line":32,"column":9}},{"start":{"line":30,"column":8},"end":{"line":32,"column":9}}],"line":30},"5":{"loc":{"start":{"line":30,"column":12},"end":{"line":30,"column":67}},"type":"binary-expr","locations":[{"start":{"line":30,"column":12},"end":{"line":30,"column":36}},{"start":{"line":30,"column":40},"end":{"line":30,"column":67}}],"line":30},"6":{"loc":{"start":{"line":35,"column":8},"end":{"line":37,"column":9}},"type":"if","locations":[{"start":{"line":35,"column":8},"end":{"line":37,"column":9}},{"start":{"line":35,"column":8},"end":{"line":37,"column":9}}],"line":35},"7":{"loc":{"start":{"line":43,"column":8},"end":{"line":45,"column":9}},"type":"if","locations":[{"start":{"line":43,"column":8},"end":{"line":45,"column":9}},{"start":{"line":43,"column":8},"end":{"line":45,"column":9}}],"line":43},"8":{"loc":{"start":{"line":51,"column":8},"end":{"line":53,"column":9}},"type":"if","locations":[{"start":{"line":51,"column":8},"end":{"line":53,"column":9}},{"start":{"line":51,"column":8},"end":{"line":53,"column":9}}],"line":51}},"s":{"0":24,"1":24,"2":24,"3":24,"4":24,"5":24,"6":24,"7":14,"8":24,"9":24,"10":1,"11":24,"12":2,"13":24,"14":4,"15":24,"16":24,"17":24,"18":24,"19":4,"20":24,"21":24,"22":24,"23":24,"24":2},"f":{"0":24,"1":24,"2":24,"3":24,"4":24,"5":24,"6":24},"b":{"0":[14,10],"1":[23,1],"2":[1,23],"3":[24,3],"4":[2,22],"5":[24,3],"6":[4,20],"7":[4,20],"8":[2,22]},"_coverageSchema":"1a1c01bbd47fc00a2c39e90264f33305004495a9","hash":"2c8094e74c31a5a5c3db02c147fc1b3a7be28cc7"}
,"C:\\Users\\mario\\Desktop\\Code-Challenge-Authorizer\\src\\transaction\\TransactionFactory.js": {"path":"C:\\Users\\mario\\Desktop\\Code-Challenge-Authorizer\\src\\transaction\\TransactionFactory.js","statementMap":{"0":{"start":{"line":6,"column":22},"end":{"line":6,"column":43}},"1":{"start":{"line":7,"column":8},"end":{"line":12,"column":9}},"2":{"start":{"line":9,"column":16},"end":{"line":9,"column":61}},"3":{"start":{"line":11,"column":16},"end":{"line":11,"column":74}}},"fnMap":{"0":{"name":"(anonymous_0)","decl":{"start":{"line":5,"column":4},"end":{"line":5,"column":5}},"loc":{"start":{"line":5,"column":35},"end":{"line":13,"column":5}},"line":5}},"branchMap":{"0":{"loc":{"start":{"line":7,"column":8},"end":{"line":12,"column":9}},"type":"switch","locations":[{"start":{"line":8,"column":12},"end":{"line":9,"column":61}},{"start":{"line":10,"column":12},"end":{"line":11,"column":74}}],"line":7}},"s":{"0":34,"1":34,"2":10,"3":24},"f":{"0":34},"b":{"0":[10,24]},"_coverageSchema":"1a1c01bbd47fc00a2c39e90264f33305004495a9","hash":"4ed41b691551841935bdb121c3d5a78b35e07b88"}
}
