TN:
SF:src\account\Account.js
FN:5,(anonymous_0)
FN:8,(anonymous_1)
FN:11,(anonymous_2)
FN:14,(anonymous_3)
FN:17,(anonymous_4)
FN:21,(anonymous_5)
FN:24,(anonymous_6)
FN:32,(anonymous_7)
FN:35,(anonymous_8)
FNF:9
FNH:9
FNDA:9,(anonymous_0)
FNDA:91,(anonymous_1)
FNDA:9,(anonymous_2)
FNDA:88,(anonymous_3)
FNDA:14,(anonymous_4)
FNDA:48,(anonymous_5)
FNDA:58,(anonymous_6)
FNDA:23,(anonymous_7)
FNDA:9,(anonymous_8)
DA:4,9
DA:6,9
DA:9,91
DA:12,9
DA:15,88
DA:18,14
DA:19,14
DA:22,48
DA:23,48
DA:24,48
DA:25,58
DA:26,58
DA:27,46
DA:31,48
DA:32,24
DA:34,48
DA:35,24
DA:37,48
LF:18
LH:18
BRDA:21,0,0,0
BRDA:21,1,0,0
BRDA:21,2,0,24
BRDA:21,3,0,24
BRDA:23,4,0,48
BRDA:23,4,1,0
BRDA:23,5,0,48
BRDA:23,5,1,48
BRDA:26,6,0,46
BRDA:26,6,1,12
BRDA:26,7,0,58
BRDA:26,7,1,46
BRDA:31,8,0,24
BRDA:31,8,1,24
BRDA:34,9,0,24
BRDA:34,9,1,24
BRF:16
BRH:13
end_of_record
TN:
SF:src\transaction\AccountCreation.js
FN:4,(anonymous_0)
FN:7,(anonymous_1)
FN:21,(anonymous_2)
FNF:3
FNH:3
FNDA:10,(anonymous_0)
FNDA:10,(anonymous_1)
FNDA:10,(anonymous_2)
DA:5,10
DA:8,10
DA:9,10
DA:10,9
DA:11,9
DA:13,10
DA:22,10
DA:23,1
LF:8
LH:8
BRDA:9,0,0,9
BRDA:9,0,1,1
BRDA:22,1,0,1
BRDA:22,1,1,9
BRDA:22,2,0,10
BRDA:22,2,1,1
BRF:6
BRH:6
end_of_record
TN:
SF:src\transaction\Transaction.js
FN:2,(anonymous_0)
FN:6,(anonymous_1)
FNF:2
FNH:1
FNDA:34,(anonymous_0)
FNDA:0,(anonymous_1)
DA:3,34
DA:4,34
LF:2
LH:2
BRF:0
BRH:0
end_of_record
TN:
SF:src\transaction\TransactionAuthorization.js
FN:4,(anonymous_0)
FN:7,(anonymous_1)
FN:24,(anonymous_2)
FN:29,(anonymous_3)
FN:34,(anonymous_4)
FN:39,(anonymous_5)
FN:47,(anonymous_6)
FNF:7
FNH:7
FNDA:24,(anonymous_0)
FNDA:24,(anonymous_1)
FNDA:24,(anonymous_2)
FNDA:24,(anonymous_3)
FNDA:24,(anonymous_4)
FNDA:24,(anonymous_5)
FNDA:24,(anonymous_6)
DA:5,24
DA:8,24
DA:9,24
DA:10,24
DA:11,24
DA:12,24
DA:13,24
DA:14,14
DA:16,24
DA:25,24
DA:26,1
DA:30,24
DA:31,2
DA:35,24
DA:36,4
DA:40,24
DA:41,24
DA:42,24
DA:43,24
DA:44,4
DA:48,24
DA:49,24
DA:50,24
DA:51,24
DA:52,2
LF:25
LH:25
BRDA:13,0,0,14
BRDA:13,0,1,10
BRDA:17,1,0,23
BRDA:17,1,1,1
BRDA:25,2,0,1
BRDA:25,2,1,23
BRDA:25,3,0,24
BRDA:25,3,1,3
BRDA:30,4,0,2
BRDA:30,4,1,22
BRDA:30,5,0,24
BRDA:30,5,1,3
BRDA:35,6,0,4
BRDA:35,6,1,20
BRDA:43,7,0,4
BRDA:43,7,1,20
BRDA:51,8,0,2
BRDA:51,8,1,22
BRF:18
BRH:18
end_of_record
TN:
SF:src\transaction\TransactionFactory.js
FN:5,(anonymous_0)
FNF:1
FNH:1
FNDA:34,(anonymous_0)
DA:6,34
DA:7,34
DA:9,10
DA:11,24
LF:4
LH:4
BRDA:7,0,0,10
BRDA:7,0,1,24
BRF:2
BRH:2
end_of_record
